20:55:11: Creating resource group General
20:55:11: Creating resource group Internal
20:55:11: Creating resource group Autodetect
20:55:11: SceneManagerFactory for type 'DefaultSceneManager' registered.
20:55:11: Registering ResourceManager for type Material
20:55:11: Registering ResourceManager for type Mesh
20:55:11: Registering ResourceManager for type Skeleton
20:55:11: MovableObjectFactory for type 'ParticleSystem' registered.
20:55:11: ArchiveFactory for archive type FileSystem registered.
20:55:11: ArchiveFactory for archive type Zip registered.
20:55:11: ArchiveFactory for archive type EmbeddedZip registered.
20:55:11: DDS codec registering
20:55:11: FreeImage version: 3.15.4
20:55:11: This program uses FreeImage, a free, open source image library supporting all common bitmap formats. See http://freeimage.sourceforge.net for details
20:55:11: Supported formats: bmp,ico,jpg,jif,jpeg,jpe,jng,koa,iff,lbm,mng,pbm,pbm,pcd,pcx,pgm,pgm,png,ppm,ppm,ras,tga,targa,tif,tiff,wap,wbmp,wbm,psd,cut,xbm,xpm,gif,hdr,g3,sgi,exr,j2k,j2c,jp2,pfm,pct,pict,pic,3fr,arw,bay,bmq,cap,cine,cr2,crw,cs1,dc2,dcr,drf,dsc,dng,erf,fff,ia,iiq,k25,kc2,kdc,mdc,mef,mos,mrw,nef,nrw,orf,pef,ptx,pxn,qtk,raf,raw,rdc,rw2,rwl,rwz,sr2,srf,srw,sti
20:55:11: Registering ResourceManager for type HighLevelGpuProgram
20:55:11: Registering ResourceManager for type Compositor
20:55:11: MovableObjectFactory for type 'Entity' registered.
20:55:11: MovableObjectFactory for type 'Light' registered.
20:55:11: MovableObjectFactory for type 'BillboardSet' registered.
20:55:11: MovableObjectFactory for type 'ManualObject' registered.
20:55:11: MovableObjectFactory for type 'BillboardChain' registered.
20:55:11: MovableObjectFactory for type 'RibbonTrail' registered.
20:55:11: Loading library /home/erasme/workspace/ogreSourceHg_build/lib/RenderSystem_GL
20:55:11: Installing plugin: GL RenderSystem
20:55:11: OpenGL Rendering Subsystem created.
20:55:13: Plugin successfully installed
20:55:13: Loading library /home/erasme/workspace/ogreSourceHg_build/lib/Plugin_ParticleFX
20:55:13: Installing plugin: ParticleFX
20:55:13: Particle Emitter Type 'Point' registered
20:55:13: Particle Emitter Type 'Box' registered
20:55:13: Particle Emitter Type 'Ellipsoid' registered
20:55:13: Particle Emitter Type 'Cylinder' registered
20:55:13: Particle Emitter Type 'Ring' registered
20:55:13: Particle Emitter Type 'HollowEllipsoid' registered
20:55:13: Particle Affector Type 'LinearForce' registered
20:55:13: Particle Affector Type 'ColourFader' registered
20:55:13: Particle Affector Type 'ColourFader2' registered
20:55:13: Particle Affector Type 'ColourImage' registered
20:55:13: Particle Affector Type 'ColourInterpolator' registered
20:55:13: Particle Affector Type 'Scaler' registered
20:55:13: Particle Affector Type 'Rotator' registered
20:55:13: Particle Affector Type 'DirectionRandomiser' registered
20:55:13: Particle Affector Type 'DeflectorPlane' registered
20:55:13: Plugin successfully installed
20:55:13: Loading library /home/erasme/workspace/ogreSourceHg_build/lib/Plugin_BSPSceneManager
20:55:13: Installing plugin: BSP Scene Manager
20:55:13: Plugin successfully installed
20:55:13: Loading library /home/erasme/workspace/ogreSourceHg_build/lib/Plugin_CgProgramManager
20:55:14: Installing plugin: Cg Program Manager
20:55:14: Plugin successfully installed
20:55:14: Loading library /home/erasme/workspace/ogreSourceHg_build/lib/Plugin_PCZSceneManager
20:55:15: Installing plugin: Portal Connected Zone Scene Manager
20:55:15: PCZone Factory Type 'ZoneType_Default' registered
20:55:15: Plugin successfully installed
20:55:15: Loading library /home/erasme/workspace/ogreSourceHg_build/lib/Plugin_OctreeZone
20:55:15: Installing plugin: Octree Zone Factory
20:55:15: Plugin successfully installed
20:55:15: Loading library /home/erasme/workspace/ogreSourceHg_build/lib/Plugin_OctreeSceneManager
20:55:15: Installing plugin: Octree Scene Manager
20:55:15: Plugin successfully installed
20:55:15: *-*-* OGRE Initialising
20:55:15: *-*-* Version 1.9.0 (Ghadamon)
20:55:15: Creating resource group Essential
20:55:15: Added resource location '/home/erasme/workspace/ogreSourceHg/Samples/Media/thumbnails' of type 'FileSystem' to resource group 'Essential'
20:55:15: Added resource location '/home/erasme/workspace/ogreSourceHg/Samples/Media/packs/SdkTrays.zip' of type 'Zip' to resource group 'Essential'
20:55:15: Added resource location '/home/erasme/workspace/ogreSourceHg/Samples/Media/packs/profiler.zip' of type 'Zip' to resource group 'Essential'
20:55:15: Added resource location '/home/erasme/workspace/ogreSourceHg/Samples/Media' of type 'FileSystem' to resource group 'General'
20:55:15: Creating resource group Popular
20:55:15: Added resource location '/home/erasme/workspace/ogreSourceHg/Samples/Media/fonts' of type 'FileSystem' to resource group 'Popular'
20:55:15: Added resource location '/home/erasme/workspace/ogreSourceHg/Samples/Media/materials/programs' of type 'FileSystem' to resource group 'Popular'
20:55:15: Added resource location '/home/erasme/workspace/ogreSourceHg/Samples/Media/materials/scripts' of type 'FileSystem' to resource group 'Popular'
20:55:15: Added resource location '/home/erasme/workspace/ogreSourceHg/Samples/Media/materials/textures' of type 'FileSystem' to resource group 'Popular'
20:55:15: Added resource location '/home/erasme/workspace/ogreSourceHg/Samples/Media/materials/textures/nvidia' of type 'FileSystem' to resource group 'Popular'
20:55:15: Added resource location '/home/erasme/workspace/ogreSourceHg/Samples/Media/models' of type 'FileSystem' to resource group 'Popular'
20:55:15: Added resource location '/home/erasme/workspace/ogreSourceHg/Samples/Media/particle' of type 'FileSystem' to resource group 'Popular'
20:55:15: Added resource location '/home/erasme/workspace/ogreSourceHg/Samples/Media/DeferredShadingMedia' of type 'FileSystem' to resource group 'Popular'
20:55:15: Added resource location '/home/erasme/workspace/ogreSourceHg/Samples/Media/PCZAppMedia' of type 'FileSystem' to resource group 'Popular'
20:55:15: Added resource location '/home/erasme/workspace/ogreSourceHg/Samples/Media/RTShaderLib' of type 'FileSystem' to resource group 'Popular'
20:55:15: Added resource location '/home/erasme/workspace/ogreSourceHg/Samples/Media/RTShaderLib/materials' of type 'FileSystem' to resource group 'Popular'
20:55:15: Added resource location '/home/erasme/workspace/ogreSourceHg/Samples/Media/materials/scripts/SSAO' of type 'FileSystem' to resource group 'Popular'
20:55:15: Added resource location '/home/erasme/workspace/ogreSourceHg/Samples/Media/materials/textures/SSAO' of type 'FileSystem' to resource group 'Popular'
20:55:15: Added resource location '/home/erasme/workspace/ogreSourceHg/Samples/Media/materials/programs/Cg' of type 'FileSystem' to resource group 'Popular'
20:55:15: Added resource location '/home/erasme/workspace/ogreSourceHg/Samples/Media/materials/programs/GLSL' of type 'FileSystem' to resource group 'Popular'
20:55:15: Added resource location '/home/erasme/workspace/ogreSourceHg/Samples/Media/volumeTerrain' of type 'FileSystem' to resource group 'Popular'
20:55:15: Added resource location '/home/erasme/workspace/ogreSourceHg/Samples/Media/packs/cubemap.zip' of type 'Zip' to resource group 'Popular'
20:55:15: Added resource location '/home/erasme/workspace/ogreSourceHg/Samples/Media/packs/cubemapsJS.zip' of type 'Zip' to resource group 'Popular'
20:55:15: Added resource location '/home/erasme/workspace/ogreSourceHg/Samples/Media/packs/dragon.zip' of type 'Zip' to resource group 'Popular'
20:55:15: Added resource location '/home/erasme/workspace/ogreSourceHg/Samples/Media/packs/fresneldemo.zip' of type 'Zip' to resource group 'Popular'
20:55:15: Added resource location '/home/erasme/workspace/ogreSourceHg/Samples/Media/packs/ogretestmap.zip' of type 'Zip' to resource group 'Popular'
20:55:15: Added resource location '/home/erasme/workspace/ogreSourceHg/Samples/Media/packs/ogredance.zip' of type 'Zip' to resource group 'Popular'
20:55:15: Added resource location '/home/erasme/workspace/ogreSourceHg/Samples/Media/packs/Sinbad.zip' of type 'Zip' to resource group 'Popular'
20:55:15: Added resource location '/home/erasme/workspace/ogreSourceHg/Samples/Media/packs/skybox.zip' of type 'Zip' to resource group 'Popular'
20:55:15: Added resource location '/home/erasme/workspace/ogreSourceHg/Samples/Media/volumeTerrain/volumeTerrainBig.zip' of type 'Zip' to resource group 'Popular'
20:55:15: Creating resource group Tests
20:55:15: Added resource location '/home/erasme/workspace/ogreSourceHg/Tests/Media' of type 'FileSystem' to resource group 'Tests'
20:55:15: OGRE EXCEPTION(6:FileNotFoundException): 'ogre.cfg' file not found! in ConfigFile::load at /build/buildd/ogre-1.9-1.9.0+dfsg1/OgreMain/src/OgreConfigFile.cpp (line 82)
20:55:15: OGRE EXCEPTION(6:FileNotFoundException): 'ogre.cfg' file not found! in ConfigFile::load at /build/buildd/ogre-1.9-1.9.0+dfsg1/OgreMain/src/OgreConfigFile.cpp (line 82)
20:55:25: CPU Identifier & Features
20:55:25: -------------------------
20:55:25:  *   CPU ID: GenuineIntel: Intel(R) Core(TM)2 Duo CPU     T7500  @ 2.20GHz
20:55:25:  *      SSE: yes
20:55:25:  *     SSE2: yes
20:55:25:  *     SSE3: yes
20:55:25:  *      MMX: yes
20:55:25:  *   MMXEXT: yes
20:55:25:  *    3DNOW: no
20:55:25:  * 3DNOWEXT: no
20:55:25:  *     CMOV: yes
20:55:25:  *      TSC: yes
20:55:25:  *      FPU: yes
20:55:25:  *      PRO: yes
20:55:25:  *       HT: no
20:55:25: -------------------------
20:55:25: ******************************
*** Starting GLX Subsystem ***
******************************
20:55:25: Registering ResourceManager for type Texture
20:55:25: GLRenderSystem::_createRenderWindow "Tutorial Render Window", 1280x800 fullscreen  miscParams: FSAA=0 displayFrequency=60 Hz gamma=No vsync=No 
20:55:25: GLXWindow::create used FBConfigID = 179
20:55:25: GL_VERSION = 3.0 Mesa 10.0.1
20:55:25: GL_VENDOR = X.Org
20:55:25: GL_RENDERER = Gallium 0.4 on AMD RV630
20:55:25: GL_EXTENSIONS = GL_ARB_multisample GL_EXT_abgr GL_EXT_bgra GL_EXT_blend_color GL_EXT_blend_minmax GL_EXT_blend_subtract GL_EXT_copy_texture GL_EXT_polygon_offset GL_EXT_subtexture GL_EXT_texture_object GL_EXT_vertex_array GL_EXT_compiled_vertex_array GL_EXT_texture GL_EXT_texture3D GL_IBM_rasterpos_clip GL_ARB_point_parameters GL_EXT_draw_range_elements GL_EXT_packed_pixels GL_EXT_point_parameters GL_EXT_rescale_normal GL_EXT_separate_specular_color GL_EXT_texture_edge_clamp GL_SGIS_generate_mipmap GL_SGIS_texture_border_clamp GL_SGIS_texture_edge_clamp GL_SGIS_texture_lod GL_ARB_framebuffer_sRGB GL_ARB_multitexture GL_EXT_framebuffer_sRGB GL_IBM_multimode_draw_arrays GL_IBM_texture_mirrored_repeat GL_ARB_texture_cube_map GL_ARB_texture_env_add GL_ARB_transpose_matrix GL_EXT_blend_func_separate GL_EXT_fog_coord GL_EXT_multi_draw_arrays GL_EXT_secondary_color GL_EXT_texture_env_add GL_EXT_texture_filter_anisotropic GL_EXT_texture_lod_bias GL_INGR_blend_func_separate GL_NV_blend_square GL_NV_light_max_exponent GL_NV_texgen_reflection GL_NV_texture_env_combine4 GL_S3_s3tc GL_SUN_multi_draw_arrays GL_ARB_texture_border_clamp GL_ARB_texture_compression GL_EXT_framebuffer_object GL_EXT_texture_compression_s3tc GL_EXT_texture_env_combine GL_EXT_texture_env_dot3 GL_MESA_window_pos GL_NV_packed_depth_stencil GL_NV_texture_rectangle GL_ARB_depth_texture GL_ARB_occlusion_query GL_ARB_shadow GL_ARB_texture_env_combine GL_ARB_texture_env_crossbar GL_ARB_texture_env_dot3 GL_ARB_texture_mirrored_repeat GL_ARB_window_pos GL_EXT_stencil_two_side GL_EXT_texture_cube_map GL_NV_depth_clamp GL_NV_fog_distance GL_APPLE_packed_pixels GL_APPLE_vertex_array_object GL_ARB_draw_buffers GL_ARB_fragment_program GL_ARB_fragment_shader GL_ARB_shader_objects GL_ARB_vertex_program GL_ARB_vertex_shader GL_ATI_draw_buffers GL_ATI_texture_env_combine3 GL_ATI_texture_float GL_EXT_shadow_funcs GL_EXT_stencil_wrap GL_MESA_pack_invert GL_NV_primitive_restart GL_ARB_depth_clamp GL_ARB_fragment_program_shadow GL_ARB_half_float_pixel GL_ARB_occlusion_query2 GL_ARB_point_sprite GL_ARB_shading_language_100 GL_ARB_sync GL_ARB_texture_non_power_of_two GL_ARB_vertex_buffer_object GL_ATI_blend_equation_separate GL_EXT_blend_equation_separate GL_OES_read_format GL_ARB_color_buffer_float GL_ARB_pixel_buffer_object GL_ARB_texture_compression_rgtc GL_ARB_texture_float GL_ARB_texture_rectangle GL_ATI_texture_compression_3dc GL_EXT_packed_float GL_EXT_pixel_buffer_object GL_EXT_texture_compression_dxt1 GL_EXT_texture_compression_rgtc GL_EXT_texture_mirror_clamp GL_EXT_texture_rectangle GL_EXT_texture_sRGB GL_EXT_texture_shared_exponent GL_ARB_framebuffer_object GL_EXT_framebuffer_blit GL_EXT_framebuffer_multisample GL_EXT_packed_depth_stencil GL_ARB_vertex_array_object GL_ATI_separate_stencil GL_ATI_texture_mirror_once GL_EXT_draw_buffers2 GL_EXT_draw_instanced GL_EXT_gpu_program_parameters GL_EXT_texture_array GL_EXT_texture_compression_latc GL_EXT_texture_integer GL_EXT_texture_sRGB_decode GL_EXT_timer_query GL_OES_EGL_image GL_MESA_texture_array GL_ARB_copy_buffer GL_ARB_depth_buffer_float GL_ARB_draw_instanced GL_ARB_half_float_vertex GL_ARB_instanced_arrays GL_ARB_map_buffer_range GL_ARB_texture_rg GL_ARB_texture_swizzle GL_ARB_vertex_array_bgra GL_EXT_texture_swizzle GL_EXT_vertex_array_bgra GL_NV_conditional_render GL_AMD_conservative_depth GL_AMD_draw_buffers_blend GL_AMD_shader_stencil_export GL_ARB_ES2_compatibility GL_ARB_blend_func_extended GL_ARB_debug_output GL_ARB_draw_buffers_blend GL_ARB_draw_elements_base_vertex GL_ARB_explicit_attrib_location GL_ARB_fragment_coord_conventions GL_ARB_provoking_vertex GL_ARB_sampler_objects GL_ARB_seamless_cube_map GL_ARB_shader_stencil_export GL_ARB_shader_texture_lod GL_ARB_texture_multisample GL_ARB_texture_rgb10_a2ui GL_ARB_uniform_buffer_object GL_ARB_vertex_type_2_10_10_10_rev GL_EXT_provoking_vertex GL_EXT_texture_snorm GL_MESA_texture_signed_rgba GL_NV_texture_barrier GL_ARB_get_program_binary GL_ARB_robustness GL_ARB_shader_bit_encoding GL_ARB_timer_query GL_ARB_transform_feedback2 GL_ARB_transform_feedback3 GL_NV_vdpau_interop GL_ANGLE_texture_compression_dxt3 GL_ANGLE_texture_compression_dxt5 GL_ARB_base_instance GL_ARB_conservative_depth GL_ARB_internalformat_query GL_ARB_map_buffer_alignment GL_ARB_shading_language_420pack GL_ARB_shading_language_packing GL_ARB_texture_storage GL_ARB_transform_feedback_instanced GL_EXT_framebuffer_multisample_blit_scaled GL_EXT_transform_feedback GL_ARB_invalidate_subdata GL_ARB_texture_storage_multisample GL_ARB_vertex_attrib_binding GL_KHR_debug GL_ARB_texture_mirror_clamp_to_edge GL_ARB_vertex_type_10f_11f_11f_rev 
20:55:25: Supported GLX extensions: GLX_ARB_create_context GLX_ARB_create_context_profile GLX_ARB_get_proc_address GLX_ARB_multisample GLX_EXT_import_context GLX_EXT_visual_info GLX_EXT_visual_rating GLX_EXT_create_context_es2_profile GLX_MESA_copy_sub_buffer GLX_MESA_multithread_makecurrent GLX_MESA_swap_control GLX_OML_swap_method GLX_OML_sync_control GLX_SGI_make_current_read GLX_SGI_swap_control GLX_SGI_video_sync GLX_SGIS_multisample GLX_SGIX_fbconfig GLX_SGIX_pbuffer GLX_SGIX_visual_select_group GLX_EXT_texture_from_pixmap GLX_INTEL_swap_event 
20:55:25: ***************************
20:55:25: *** GL Renderer Started ***
20:55:25: ***************************
20:55:25: Registering ResourceManager for type GpuProgram
20:55:25: GLSL support detected
20:55:25: GL: Using GL_EXT_framebuffer_object for rendering to textures (best)
20:55:25: FBO PF_UNKNOWN depth/stencil support: D0S1 D0S4 D0S8 D0S16 D16S0 D24S0 D32S0 Packed-D24S8 
20:55:25: FBO PF_L8 depth/stencil support: D0S0 D0S1 D0S4 D0S8 D0S16 D16S0 D24S0 D32S0 Packed-D24S8 
20:55:25: FBO PF_L16 depth/stencil support: D0S0 D0S1 D0S4 D0S8 D0S16 D16S0 D24S0 D32S0 Packed-D24S8 
20:55:25: FBO PF_A8 depth/stencil support: D0S0 D0S1 D0S4 D0S8 D0S16 D16S0 D24S0 D32S0 Packed-D24S8 
20:55:25: FBO PF_A4L4 depth/stencil support: D0S0 D0S1 D0S4 D0S8 D0S16 D16S0 D24S0 D32S0 Packed-D24S8 
20:55:25: FBO PF_BYTE_LA depth/stencil support: D0S0 D0S1 D0S4 D0S8 D0S16 D16S0 D24S0 D32S0 Packed-D24S8 
20:55:25: FBO PF_R5G6B5 depth/stencil support: D0S0 D0S1 D0S4 D0S8 D0S16 D16S0 D24S0 D32S0 Packed-D24S8 
20:55:25: FBO PF_B5G6R5 depth/stencil support: D0S0 D0S1 D0S4 D0S8 D0S16 D16S0 D24S0 D32S0 Packed-D24S8 
20:55:25: FBO PF_A4R4G4B4 depth/stencil support: D0S0 D0S1 D0S4 D0S8 D0S16 D16S0 D24S0 D32S0 Packed-D24S8 
20:55:25: FBO PF_A1R5G5B5 depth/stencil support: D0S0 D0S1 D0S4 D0S8 D0S16 D16S0 D24S0 D32S0 Packed-D24S8 
20:55:25: FBO PF_R8G8B8 depth/stencil support: D0S0 D0S1 D0S4 D0S8 D0S16 D16S0 D24S0 D32S0 Packed-D24S8 
20:55:25: FBO PF_B8G8R8 depth/stencil support: D0S0 D0S1 D0S4 D0S8 D0S16 D16S0 D24S0 D32S0 Packed-D24S8 
20:55:25: FBO PF_A8R8G8B8 depth/stencil support: D0S0 D0S1 D0S4 D0S8 D0S16 D16S0 D24S0 D32S0 Packed-D24S8 
20:55:25: FBO PF_B8G8R8A8 depth/stencil support: D0S0 D0S1 D0S4 D0S8 D0S16 D16S0 D24S0 D32S0 Packed-D24S8 
20:55:25: FBO PF_A2R10G10B10 depth/stencil support: D0S0 D0S1 D0S4 D0S8 D0S16 D16S0 D24S0 D32S0 Packed-D24S8 
20:55:25: FBO PF_A2B10G10R10 depth/stencil support: D0S0 D0S1 D0S4 D0S8 D0S16 D16S0 D24S0 D32S0 Packed-D24S8 
20:55:25: FBO PF_FLOAT16_RGB depth/stencil support: D0S0 D0S1 D0S4 D0S8 D0S16 D16S0 D24S0 D32S0 Packed-D24S8 
20:55:25: FBO PF_FLOAT16_RGBA depth/stencil support: D0S0 D0S1 D0S4 D0S8 D0S16 D16S0 D24S0 D32S0 Packed-D24S8 
20:55:25: FBO PF_FLOAT32_RGB depth/stencil support: D0S0 D0S1 D0S4 D0S8 D0S16 D16S0 D24S0 D32S0 Packed-D24S8 
20:55:25: FBO PF_FLOAT32_RGBA depth/stencil support: D0S0 D0S1 D0S4 D0S8 D0S16 D16S0 D24S0 D32S0 Packed-D24S8 
20:55:26: FBO PF_X8R8G8B8 depth/stencil support: D0S0 D0S1 D0S4 D0S8 D0S16 D16S0 D24S0 D32S0 Packed-D24S8 
20:55:26: FBO PF_X8B8G8R8 depth/stencil support: D0S0 D0S1 D0S4 D0S8 D0S16 D16S0 D24S0 D32S0 Packed-D24S8 
20:55:26: FBO PF_SHORT_RGBA depth/stencil support: D0S0 D0S1 D0S4 D0S8 D0S16 D16S0 D24S0 D32S0 Packed-D24S8 
20:55:26: FBO PF_R3G3B2 depth/stencil support: D0S0 D0S1 D0S4 D0S8 D0S16 D16S0 D24S0 D32S0 Packed-D24S8 
20:55:26: FBO PF_FLOAT16_R depth/stencil support: D0S0 D0S1 D0S4 D0S8 D0S16 D16S0 D24S0 D32S0 Packed-D24S8 
20:55:26: FBO PF_FLOAT32_R depth/stencil support: D0S0 D0S1 D0S4 D0S8 D0S16 D16S0 D24S0 D32S0 Packed-D24S8 
20:55:26: FBO PF_SHORT_GR depth/stencil support: D0S0 D0S1 D0S4 D0S8 D0S16 D16S0 D24S0 D32S0 Packed-D24S8 
20:55:26: FBO PF_FLOAT16_GR depth/stencil support: D0S0 D0S1 D0S4 D0S8 D0S16 D16S0 D24S0 D32S0 Packed-D24S8 
20:55:26: FBO PF_FLOAT32_GR depth/stencil support: D0S0 D0S1 D0S4 D0S8 D0S16 D16S0 D24S0 D32S0 Packed-D24S8 
20:55:26: FBO PF_SHORT_RGB depth/stencil support: D0S0 D0S1 D0S4 D0S8 D0S16 D16S0 D24S0 D32S0 Packed-D24S8 
20:55:26: [GL] : Valid FBO targets PF_UNKNOWN PF_L8 PF_L16 PF_A8 PF_A4L4 PF_BYTE_LA PF_R5G6B5 PF_B5G6R5 PF_A4R4G4B4 PF_A1R5G5B5 PF_R8G8B8 PF_B8G8R8 PF_A8R8G8B8 PF_B8G8R8A8 PF_A2R10G10B10 PF_A2B10G10R10 PF_FLOAT16_RGB PF_FLOAT16_RGBA PF_FLOAT32_RGB PF_FLOAT32_RGBA PF_X8R8G8B8 PF_X8B8G8R8 PF_SHORT_RGBA PF_R3G3B2 PF_FLOAT16_R PF_FLOAT32_R PF_SHORT_GR PF_FLOAT16_GR PF_FLOAT32_GR PF_SHORT_RGB 
20:55:26: RenderSystem capabilities
20:55:26: -------------------------
20:55:26: RenderSystem Name: OpenGL Rendering Subsystem
20:55:26: GPU Vendor: unknown
20:55:26: Device Name: Gallium 0.4 on AMD RV630
20:55:26: Driver Version: 3.0.0.0
20:55:26:  * Fixed function pipeline: yes
20:55:26:  * Hardware generation of mipmaps: yes
20:55:26:  * Texture blending: yes
20:55:26:  * Anisotropic texture filtering: yes
20:55:26:  * Dot product texture operation: yes
20:55:26:  * Cube mapping: yes
20:55:26:  * Hardware stencil buffer: yes
20:55:26:    - Stencil depth: 8
20:55:26:    - Two sided stencil support: yes
20:55:26:    - Wrap stencil values: yes
20:55:26:  * Hardware vertex / index buffers: yes
20:55:26:  * Vertex programs: yes
20:55:26:  * Number of floating-point constants for vertex programs: 4096
20:55:26:  * Number of integer constants for vertex programs: 0
20:55:26:  * Number of boolean constants for vertex programs: 0
20:55:26:  * Fragment programs: yes
20:55:26:  * Number of floating-point constants for fragment programs: 4096
20:55:26:  * Number of integer constants for fragment programs: 0
20:55:26:  * Number of boolean constants for fragment programs: 0
20:55:26:  * Geometry programs: no
20:55:26:  * Number of floating-point constants for geometry programs: 0
20:55:26:  * Number of integer constants for geometry programs: 0
20:55:26:  * Number of boolean constants for geometry programs: 0
20:55:26:  * Tesselation Hull programs: no
20:55:26:  * Number of floating-point constants for tesselation hull programs: 0
20:55:26:  * Number of integer constants for tesselation hull programs: 0
20:55:26:  * Number of boolean constants for tesselation hull programs: 0
20:55:26:  * Tesselation Domain programs: no
20:55:26:  * Number of floating-point constants for tesselation domain programs: 0
20:55:26:  * Number of integer constants for tesselation domain programs: 0
20:55:26:  * Number of boolean constants for tesselation domain programs: 0
20:55:26:  * Compute programs: no
20:55:26:  * Number of floating-point constants for compute programs: 0
20:55:26:  * Number of integer constants for compute programs: 0
20:55:26:  * Number of boolean constants for compute programs: 0
20:55:26:  * Supported Shader Profiles: arbfp1 arbvp1 glsl glsl100 glsl110 glsl120
20:55:26:  * Texture Compression: yes
20:55:26:    - DXT: yes
20:55:26:    - VTC: no
20:55:26:    - PVRTC: no
20:55:26:    - ATC: no
20:55:26:    - ETC1: no
20:55:26:    - ETC2: no
20:55:26:    - BC4/BC5: no
20:55:26:    - BC6H/BC7: no
20:55:26:  * Scissor Rectangle: yes
20:55:26:  * Hardware Occlusion Query: yes
20:55:26:  * User clip planes: yes
20:55:26:  * VET_UBYTE4 vertex element type: yes
20:55:26:  * Infinite far plane projection: yes
20:55:26:  * Hardware render-to-texture: yes
20:55:26:  * Floating point textures: yes
20:55:26:  * Non-power-of-two textures: yes
20:55:26:  * 1d textures: yes
20:55:26:  * Volume textures: yes
20:55:26:  * Multiple Render Targets: 8
20:55:26:    - With different bit depths: yes
20:55:26:  * Point Sprites: yes
20:55:26:  * Extended point parameters: yes
20:55:26:  * Max Point Size: 8192
20:55:26:  * Vertex texture fetch: yes
20:55:26:  * Number of world matrices: 0
20:55:26:  * Number of texture units: 16
20:55:26:  * Stencil buffer depth: 8
20:55:26:  * Number of vertex blend matrices: 0
20:55:26:    - Max vertex textures: 16
20:55:26:    - Vertex textures shared: yes
20:55:26:  * Render to Vertex Buffer : no
20:55:26:  * Hardware Atomic Counters: no
20:55:26:  * GL 1.5 without VBO workaround: no
20:55:26:  * Frame Buffer objects: yes
20:55:26:  * Frame Buffer objects (ARB extension): no
20:55:26:  * Frame Buffer objects (ATI extension): no
20:55:26:  * PBuffer support: yes
20:55:26:  * GL 1.5 without HW-occlusion workaround: no
20:55:26:  * Vertex Array Objects: no
20:55:26:  * Separate shader objects: no
20:55:26: DefaultWorkQueue('Root') initialising on thread b6001780.
20:55:26: DefaultWorkQueue('Root')::WorkerFunc - thread b106db40 starting.
20:55:26: DefaultWorkQueue('Root')::WorkerFunc - thread b186eb40 starting.
20:55:26: Particle Renderer Type 'billboard' registered
20:55:26: SceneManagerFactory for type 'BspSceneManager' registered.
20:55:26: Registering ResourceManager for type BspLevel
20:55:26: SceneManagerFactory for type 'PCZSceneManager' registered.
20:55:26: MovableObjectFactory for type 'PCZLight' registered.
20:55:26: MovableObjectFactory for type 'Portal' registered.
20:55:26: MovableObjectFactory for type 'AntiPortal' registered.
20:55:26: PCZone Factory Type 'ZoneType_Octree' registered
20:55:26: SceneManagerFactory for type 'OctreeSceneManager' registered.
20:55:26: Parsing scripts for resource group Autodetect
20:55:26: Finished parsing scripts for resource group Autodetect
20:55:26: Creating resources for group Autodetect
20:55:26: All done
20:55:26: Parsing scripts for resource group Essential
20:55:26: Parsing script SdkTrays.material
20:55:26: Parsing script OgreProfiler.material
20:55:26: Finished parsing scripts for resource group Essential
20:55:26: Creating resources for group Essential
20:55:26: All done
20:55:26: Parsing scripts for resource group General
20:55:26: Finished parsing scripts for resource group General
20:55:26: Creating resources for group General
20:55:26: All done
20:55:26: Parsing scripts for resource group Internal
20:55:26: Finished parsing scripts for resource group Internal
20:55:26: Creating resources for group Internal
20:55:26: All done
20:55:26: Parsing scripts for resource group Popular
20:55:26: Parsing script DualQuaternion.program
20:55:26: OGRE EXCEPTION(7:InternalErrorException): Unable to compile Cg program Ogre/DualQuaternionHardwareSkinningTwoWeightsTwoPhaseCg: The compile returned an error.
DualQuaternion_Common.cg(167) : warning C7019: "blendWgt" is too large for semantic "BLENDWEIGHT", which is size 1
(0) : error C6007: Constant register limit exceeded; more than 96 constant registers needed to compiled program
(0) : error C6007: Constant register limit exceeded; more than 96 constant registers needed to compiled program
(0) : error C6007: Constant register limit exceeded; more than 96 constant registers needed to compiled program
(0) : error C6007: Constant register limit exceeded; more than 96 constant registers needed to compiled program
(0) : error C6007: Constant register limit exceeded; more than 96 constant registers needed to compiled program
(0) : error C6007: Constant register limit exceeded; more than 96 constant registers needed to compiled program
(0) : error C6007: Constant register limit exceeded; more than 96 constant registers needed to compiled program
(0) : error C6007: Constant register limit exceeded; more than 96 constant registers needed to compiled program
 in CgProgram::compileMicrocode at /home/erasme/workspace/ogreSourceHg/PlugIns/CgProgramManager/src/OgreCgProgramManagerDll.cpp (line 67)
20:55:26: High-level program Ogre/DualQuaternionHardwareSkinningTwoWeightsTwoPhaseCg encountered an error during loading and is thus not supported.
OGRE EXCEPTION(7:InternalErrorException): Unable to compile Cg program Ogre/DualQuaternionHardwareSkinningTwoWeightsTwoPhaseCg: The compile returned an error.
DualQuaternion_Common.cg(167) : warning C7019: "blendWgt" is too large for semantic "BLENDWEIGHT", which is size 1
(0) : error C6007: Constant register limit exceeded; more than 96 constant registers needed to compiled program
(0) : error C6007: Constant register limit exceeded; more than 96 constant registers needed to compiled program
(0) : error C6007: Constant register limit exceeded; more than 96 constant registers needed to compiled program
(0) : error C6007: Constant register limit exceeded; more than 96 constant registers needed to compiled program
(0) : error C6007: Constant register limit exceeded; more than 96 constant registers needed to compiled program
(0) : error C6007: Constant register limit exceeded; more than 96 constant registers needed to compiled program
(0) : error C6007: Constant register limit exceeded; more than 96 constant registers needed to compiled program
(0) : error C6007: Constant register limit exceeded; more than 96 constant registers needed to compiled program
 in CgProgram::compileMicrocode at /home/erasme/workspace/ogreSourceHg/PlugIns/CgProgramManager/src/OgreCgProgramManagerDll.cpp (line 67)
20:55:26: OGRE EXCEPTION(2:InvalidParametersException): Named constants have not been initialised, perhaps a compile error. in GpuProgramParameters::_findNamedConstantDefinition at /build/buildd/ogre-1.9-1.9.0+dfsg1/OgreMain/src/OgreGpuProgramParams.cpp (line 1709)
20:55:26: Compiler error: invalid parameters in DualQuaternion.program(28): setting of constant failed
20:55:26: Parsing script StdQuad_vp.program
20:55:26: Parsing script Instancing.program
20:55:26: Parsing script Examples.program
20:55:26: Parsing script ShadowCaster.program
20:55:26: Parsing script deferred_post.program
20:55:26: Parsing script GBuffer.program
20:55:26: Parsing script triplanarReference.program
20:55:27: Parsing script Bloom2.material
20:55:27: Parsing script HWInstancing.material
20:55:27: Parsing script BlackAndWhite.material
20:55:27: Parsing script Halftone.material
20:55:27: Parsing script MotionBlur.material
20:55:27: Parsing script IsoSurf.material
20:55:27: Parsing script SharpenEdges.material
20:55:27: Parsing script Hurt.material
20:55:27: Parsing script VTFInstancing.material
20:55:27: Parsing script Examples-DynTex.material
20:55:27: Parsing script Tiling.material
20:55:27: Parsing script DOF.material
20:55:27: Parsing script Bloom.material
20:55:27: Parsing script pssm.material
20:55:27: Parsing script HW_VTFInstancing.material
20:55:27: Parsing script sibenik.material
20:55:27: Parsing script Examples-Advanced.material
20:55:27: Compiler error: object unsupported by render system in Examples-Advanced.material(640): , Shader name: Examples/FresnelRefractReflectPS
20:55:27: Compiler error: object unsupported by render system in Examples-Advanced.material(938): , Shader name: Examples/TextureArrayPSasm
20:55:27: Parsing script NightVision.material
20:55:27: Parsing script facial.material
20:55:27: Parsing script Examples-Water.material
20:55:27: Parsing script CGSwizzle.material
20:55:27: Parsing script GLSLSwizzle.material
20:55:27: Parsing script OldTV.material
20:55:27: Parsing script Example-Water.material
20:55:27: Parsing script OldMovie.material
20:55:27: Parsing script ShaderSystem.material
20:55:27: Parsing script instancing.material
20:55:27: Parsing script hdr.material
20:55:27: Parsing script RZR-002.material
20:55:27: Parsing script MRTtest.material
20:55:27: Parsing script RadialBlur.material
20:55:27: Parsing script Examples.material
20:55:27: Parsing script shadows.material
20:55:27: Parsing script Tesselation.material
20:55:27: Parsing script ASCII.material
20:55:28: Parsing script AdaptivePNTrianglesTessellation.material
20:55:28: Parsing script Ogre.material
20:55:28: Parsing script Laplace.material
20:55:28: Parsing script OffsetMapping.material
20:55:28: Compiler error: object unsupported by render system in OffsetMapping.material(35): , Shader name: Examples/OffsetMappingPSAsm
20:55:28: Parsing script CompositorDemo.material
20:55:28: Parsing script HW_VTF_LUTInstancing.material
20:55:28: Parsing script Invert.material
20:55:28: Parsing script HeatVision.material
20:55:28: Parsing script Embossed.material
20:55:28: Parsing script smoke.material
20:55:28: Parsing script ShaderInstancing.material
20:55:28: Parsing script Dither.material
20:55:28: Parsing script Posterize.material
20:55:28: Parsing script Penguin.material
20:55:28: Parsing script InstancingMisc.material
20:55:28: Parsing script Glass.material
20:55:28: Parsing script ParticleGS.material
20:55:28: Parsing script VarianceShadowmap.material
20:55:28: Parsing script ASMSwizzle.material
20:55:28: Compiler error: object unsupported by render system in ASMSwizzle.material(1): , Shader name: Ogre/GPTest/Swizzle_GP_ASM
20:55:28: Parsing script Ocean.material
20:55:28: Parsing script DualQuaternion.material
20:55:28: Parsing script RasterizationOrder.material
20:55:28: Parsing script DepthShadowmap.material
20:55:28: Parsing script deferred_post.material
20:55:28: Parsing script ShadowCaster.material
20:55:28: Parsing script deferred_post_minilight.material
20:55:28: Parsing script deferreddemo.material
20:55:28: Parsing script ssao.material
20:55:28: Parsing script ROOM.material
20:55:28: Parsing script HardwareSkinningShadow.material
20:55:28: OGRE EXCEPTION(6:FileNotFoundException): Cannot locate resource HardwareSkinningShadow.cg in resource group Popular or any other group. in ResourceGroupManager::openResource at /build/buildd/ogre-1.9-1.9.0+dfsg1/OgreMain/src/OgreResourceGroupManager.cpp (line 756)
20:55:28: High-level program Ogre/RTShader/shadow_caster_ps_cg encountered an error during loading and is thus not supported.
OGRE EXCEPTION(6:FileNotFoundException): Cannot locate resource HardwareSkinningShadow.cg in resource group Popular or any other group. in ResourceGroupManager::openResource at /build/buildd/ogre-1.9-1.9.0+dfsg1/OgreMain/src/OgreResourceGroupManager.cpp (line 756)
20:55:28: OGRE EXCEPTION(6:FileNotFoundException): Cannot locate resource HardwareSkinningShadow.cg in resource group Popular or any other group. in ResourceGroupManager::openResource at /build/buildd/ogre-1.9-1.9.0+dfsg1/OgreMain/src/OgreResourceGroupManager.cpp (line 756)
20:55:28: High-level program Ogre/RTShader/shadow_caster_skinning_1weight_vs encountered an error during loading and is thus not supported.
OGRE EXCEPTION(6:FileNotFoundException): Cannot locate resource HardwareSkinningShadow.cg in resource group Popular or any other group. in ResourceGroupManager::openResource at /build/buildd/ogre-1.9-1.9.0+dfsg1/OgreMain/src/OgreResourceGroupManager.cpp (line 756)
20:55:28: OGRE EXCEPTION(2:InvalidParametersException): Named constants have not been initialised, perhaps a compile error. in GpuProgramParameters::_findNamedConstantDefinition at /build/buildd/ogre-1.9-1.9.0+dfsg1/OgreMain/src/OgreGpuProgramParams.cpp (line 1709)
20:55:28: Compiler error: invalid parameters in HardwareSkinningShadow.material(29): setting of constant failed
20:55:28: OGRE EXCEPTION(2:InvalidParametersException): Named constants have not been initialised, perhaps a compile error. in GpuProgramParameters::_findNamedConstantDefinition at /build/buildd/ogre-1.9-1.9.0+dfsg1/OgreMain/src/OgreGpuProgramParams.cpp (line 1709)
20:55:28: Compiler error: invalid parameters in HardwareSkinningShadow.material(30): setting of constant failed
20:55:28: OGRE EXCEPTION(6:FileNotFoundException): Cannot locate resource HardwareSkinningShadow.cg in resource group Popular or any other group. in ResourceGroupManager::openResource at /build/buildd/ogre-1.9-1.9.0+dfsg1/OgreMain/src/OgreResourceGroupManager.cpp (line 756)
20:55:28: High-level program Ogre/RTShader/shadow_caster_skinning_2weight_vs_cg encountered an error during loading and is thus not supported.
OGRE EXCEPTION(6:FileNotFoundException): Cannot locate resource HardwareSkinningShadow.cg in resource group Popular or any other group. in ResourceGroupManager::openResource at /build/buildd/ogre-1.9-1.9.0+dfsg1/OgreMain/src/OgreResourceGroupManager.cpp (line 756)
20:55:28: OGRE EXCEPTION(2:InvalidParametersException): Named constants have not been initialised, perhaps a compile error. in GpuProgramParameters::_findNamedConstantDefinition at /build/buildd/ogre-1.9-1.9.0+dfsg1/OgreMain/src/OgreGpuProgramParams.cpp (line 1709)
20:55:28: Compiler error: invalid parameters in HardwareSkinningShadow.material(43): setting of constant failed
20:55:28: OGRE EXCEPTION(2:InvalidParametersException): Named constants have not been initialised, perhaps a compile error. in GpuProgramParameters::_findNamedConstantDefinition at /build/buildd/ogre-1.9-1.9.0+dfsg1/OgreMain/src/OgreGpuProgramParams.cpp (line 1709)
20:55:28: Compiler error: invalid parameters in HardwareSkinningShadow.material(44): setting of constant failed
20:55:28: OGRE EXCEPTION(6:FileNotFoundException): Cannot locate resource HardwareSkinningShadow.cg in resource group Popular or any other group. in ResourceGroupManager::openResource at /build/buildd/ogre-1.9-1.9.0+dfsg1/OgreMain/src/OgreResourceGroupManager.cpp (line 756)
20:55:28: High-level program Ogre/RTShader/shadow_caster_skinning_3weight_vs encountered an error during loading and is thus not supported.
OGRE EXCEPTION(6:FileNotFoundException): Cannot locate resource HardwareSkinningShadow.cg in resource group Popular or any other group. in ResourceGroupManager::openResource at /build/buildd/ogre-1.9-1.9.0+dfsg1/OgreMain/src/OgreResourceGroupManager.cpp (line 756)
20:55:28: OGRE EXCEPTION(2:InvalidParametersException): Named constants have not been initialised, perhaps a compile error. in GpuProgramParameters::_findNamedConstantDefinition at /build/buildd/ogre-1.9-1.9.0+dfsg1/OgreMain/src/OgreGpuProgramParams.cpp (line 1709)
20:55:28: Compiler error: invalid parameters in HardwareSkinningShadow.material(57): setting of constant failed
20:55:28: OGRE EXCEPTION(2:InvalidParametersException): Named constants have not been initialised, perhaps a compile error. in GpuProgramParameters::_findNamedConstantDefinition at /build/buildd/ogre-1.9-1.9.0+dfsg1/OgreMain/src/OgreGpuProgramParams.cpp (line 1709)
20:55:28: Compiler error: invalid parameters in HardwareSkinningShadow.material(58): setting of constant failed
20:55:28: OGRE EXCEPTION(6:FileNotFoundException): Cannot locate resource HardwareSkinningShadow.cg in resource group Popular or any other group. in ResourceGroupManager::openResource at /build/buildd/ogre-1.9-1.9.0+dfsg1/OgreMain/src/OgreResourceGroupManager.cpp (line 756)
20:55:28: High-level program Ogre/RTShader/shadow_caster_skinning_4weight_vs encountered an error during loading and is thus not supported.
OGRE EXCEPTION(6:FileNotFoundException): Cannot locate resource HardwareSkinningShadow.cg in resource group Popular or any other group. in ResourceGroupManager::openResource at /build/buildd/ogre-1.9-1.9.0+dfsg1/OgreMain/src/OgreResourceGroupManager.cpp (line 756)
20:55:28: OGRE EXCEPTION(2:InvalidParametersException): Named constants have not been initialised, perhaps a compile error. in GpuProgramParameters::_findNamedConstantDefinition at /build/buildd/ogre-1.9-1.9.0+dfsg1/OgreMain/src/OgreGpuProgramParams.cpp (line 1709)
20:55:28: Compiler error: invalid parameters in HardwareSkinningShadow.material(72): setting of constant failed
20:55:28: OGRE EXCEPTION(2:InvalidParametersException): Named constants have not been initialised, perhaps a compile error. in GpuProgramParameters::_findNamedConstantDefinition at /build/buildd/ogre-1.9-1.9.0+dfsg1/OgreMain/src/OgreGpuProgramParams.cpp (line 1709)
20:55:28: Compiler error: invalid parameters in HardwareSkinningShadow.material(73): setting of constant failed
20:55:28: OGRE EXCEPTION(6:FileNotFoundException): Cannot locate resource HardwareSkinningShadow_TwoWeights.glsl in resource group Popular or any other group. in ResourceGroupManager::openResource at /build/buildd/ogre-1.9-1.9.0+dfsg1/OgreMain/src/OgreResourceGroupManager.cpp (line 756)
20:55:28: High-level program Ogre/RTShader/shadow_caster_skinning_2weight_vs_glsl encountered an error during loading and is thus not supported.
OGRE EXCEPTION(6:FileNotFoundException): Cannot locate resource HardwareSkinningShadow_TwoWeights.glsl in resource group Popular or any other group. in ResourceGroupManager::openResource at /build/buildd/ogre-1.9-1.9.0+dfsg1/OgreMain/src/OgreResourceGroupManager.cpp (line 756)
20:55:28: OGRE EXCEPTION(2:InvalidParametersException): Named constants have not been initialised, perhaps a compile error. in GpuProgramParameters::_findNamedConstantDefinition at /build/buildd/ogre-1.9-1.9.0+dfsg1/OgreMain/src/OgreGpuProgramParams.cpp (line 1709)
20:55:28: Compiler error: invalid parameters in HardwareSkinningShadow.material(93): setting of constant failed
20:55:28: OGRE EXCEPTION(2:InvalidParametersException): Named constants have not been initialised, perhaps a compile error. in GpuProgramParameters::_findNamedConstantDefinition at /build/buildd/ogre-1.9-1.9.0+dfsg1/OgreMain/src/OgreGpuProgramParams.cpp (line 1709)
20:55:28: Compiler error: invalid parameters in HardwareSkinningShadow.material(94): setting of constant failed
20:55:28: OGRE EXCEPTION(2:InvalidParametersException): Named constants have not been initialised, perhaps a compile error. in GpuProgramParameters::_findNamedConstantDefinition at /build/buildd/ogre-1.9-1.9.0+dfsg1/OgreMain/src/OgreGpuProgramParams.cpp (line 1709)
20:55:28: Compiler error: invalid parameters in HardwareSkinningShadow.material(95): setting of constant failed
20:55:28: OGRE EXCEPTION(6:FileNotFoundException): Cannot locate resource HardwareSkinningShadow_Fragment.glsl in resource group Popular or any other group. in ResourceGroupManager::openResource at /build/buildd/ogre-1.9-1.9.0+dfsg1/OgreMain/src/OgreResourceGroupManager.cpp (line 756)
20:55:28: High-level program Ogre/RTShader/shadow_caster_ps_glsl encountered an error during loading and is thus not supported.
OGRE EXCEPTION(6:FileNotFoundException): Cannot locate resource HardwareSkinningShadow_Fragment.glsl in resource group Popular or any other group. in ResourceGroupManager::openResource at /build/buildd/ogre-1.9-1.9.0+dfsg1/OgreMain/src/OgreResourceGroupManager.cpp (line 756)
20:55:28: OGRE EXCEPTION(6:FileNotFoundException): Cannot locate resource HardwareSkinningShadow.cg in resource group Popular or any other group. in ResourceGroupManager::openResource at /build/buildd/ogre-1.9-1.9.0+dfsg1/OgreMain/src/OgreResourceGroupManager.cpp (line 756)
20:55:28: High-level program Ogre/RTShader/shadow_receiver_vs encountered an error during loading and is thus not supported.
OGRE EXCEPTION(6:FileNotFoundException): Cannot locate resource HardwareSkinningShadow.cg in resource group Popular or any other group. in ResourceGroupManager::openResource at /build/buildd/ogre-1.9-1.9.0+dfsg1/OgreMain/src/OgreResourceGroupManager.cpp (line 756)
20:55:28: OGRE EXCEPTION(2:InvalidParametersException): Named constants have not been initialised, perhaps a compile error. in GpuProgramParameters::_findNamedConstantDefinition at /build/buildd/ogre-1.9-1.9.0+dfsg1/OgreMain/src/OgreGpuProgramParams.cpp (line 1709)
20:55:28: Compiler error: invalid parameters in HardwareSkinningShadow.material(206): setting of constant failed
20:55:28: OGRE EXCEPTION(6:FileNotFoundException): Cannot locate resource HardwareSkinningShadow.cg in resource group Popular or any other group. in ResourceGroupManager::openResource at /build/buildd/ogre-1.9-1.9.0+dfsg1/OgreMain/src/OgreResourceGroupManager.cpp (line 756)
20:55:28: High-level program Ogre/RTShader/shadow_receiver_ps encountered an error during loading and is thus not supported.
OGRE EXCEPTION(6:FileNotFoundException): Cannot locate resource HardwareSkinningShadow.cg in resource group Popular or any other group. in ResourceGroupManager::openResource at /build/buildd/ogre-1.9-1.9.0+dfsg1/OgreMain/src/OgreResourceGroupManager.cpp (line 756)
20:55:28: Parsing script DualQuaternionSkinning_Shadow.material
20:55:28: OGRE EXCEPTION(6:FileNotFoundException): Cannot locate resource DualQuaternionSkinning_Shadow.cg in resource group Popular or any other group. in ResourceGroupManager::openResource at /build/buildd/ogre-1.9-1.9.0+dfsg1/OgreMain/src/OgreResourceGroupManager.cpp (line 756)
20:55:28: High-level program Ogre/RTShader/shadow_caster_dq_ps_cg encountered an error during loading and is thus not supported.
OGRE EXCEPTION(6:FileNotFoundException): Cannot locate resource DualQuaternionSkinning_Shadow.cg in resource group Popular or any other group. in ResourceGroupManager::openResource at /build/buildd/ogre-1.9-1.9.0+dfsg1/OgreMain/src/OgreResourceGroupManager.cpp (line 756)
20:55:28: OGRE EXCEPTION(6:FileNotFoundException): Cannot locate resource DualQuaternionSkinning_ShadowOneWeight.glsl in resource group Popular or any other group. in ResourceGroupManager::openResource at /build/buildd/ogre-1.9-1.9.0+dfsg1/OgreMain/src/OgreResourceGroupManager.cpp (line 756)
20:55:28: High-level program Ogre/RTShader/shadow_caster_dq_skinning_1weight_vs_glsl encountered an error during loading and is thus not supported.
OGRE EXCEPTION(6:FileNotFoundException): Cannot locate resource DualQuaternionSkinning_ShadowOneWeight.glsl in resource group Popular or any other group. in ResourceGroupManager::openResource at /build/buildd/ogre-1.9-1.9.0+dfsg1/OgreMain/src/OgreResourceGroupManager.cpp (line 756)
20:55:28: OGRE EXCEPTION(2:InvalidParametersException): Named constants have not been initialised, perhaps a compile error. in GpuProgramParameters::_findNamedConstantDefinition at /build/buildd/ogre-1.9-1.9.0+dfsg1/OgreMain/src/OgreGpuProgramParams.cpp (line 1709)
20:55:28: Compiler error: invalid parameters in DualQuaternionSkinning_Shadow.material(92): setting of constant failed
20:55:28: OGRE EXCEPTION(2:InvalidParametersException): Named constants have not been initialised, perhaps a compile error. in GpuProgramParameters::_findNamedConstantDefinition at /build/buildd/ogre-1.9-1.9.0+dfsg1/OgreMain/src/OgreGpuProgramParams.cpp (line 1709)
20:55:28: Compiler error: invalid parameters in DualQuaternionSkinning_Shadow.material(93): setting of constant failed
20:55:28: OGRE EXCEPTION(2:InvalidParametersException): Named constants have not been initialised, perhaps a compile error. in GpuProgramParameters::_findNamedConstantDefinition at /build/buildd/ogre-1.9-1.9.0+dfsg1/OgreMain/src/OgreGpuProgramParams.cpp (line 1709)
20:55:28: Compiler error: invalid parameters in DualQuaternionSkinning_Shadow.material(94): setting of constant failed
20:55:28: OGRE EXCEPTION(6:FileNotFoundException): Cannot locate resource DualQuaternionSkinning_ShadowTwoWeights.glsl in resource group Popular or any other group. in ResourceGroupManager::openResource at /build/buildd/ogre-1.9-1.9.0+dfsg1/OgreMain/src/OgreResourceGroupManager.cpp (line 756)
20:55:28: High-level program Ogre/RTShader/shadow_caster_dq_skinning_2weight_vs_glsl encountered an error during loading and is thus not supported.
OGRE EXCEPTION(6:FileNotFoundException): Cannot locate resource DualQuaternionSkinning_ShadowTwoWeights.glsl in resource group Popular or any other group. in ResourceGroupManager::openResource at /build/buildd/ogre-1.9-1.9.0+dfsg1/OgreMain/src/OgreResourceGroupManager.cpp (line 756)
20:55:28: OGRE EXCEPTION(2:InvalidParametersException): Named constants have not been initialised, perhaps a compile error. in GpuProgramParameters::_findNamedConstantDefinition at /build/buildd/ogre-1.9-1.9.0+dfsg1/OgreMain/src/OgreGpuProgramParams.cpp (line 1709)
20:55:28: Compiler error: invalid parameters in DualQuaternionSkinning_Shadow.material(106): setting of constant failed
20:55:28: OGRE EXCEPTION(2:InvalidParametersException): Named constants have not been initialised, perhaps a compile error. in GpuProgramParameters::_findNamedConstantDefinition at /build/buildd/ogre-1.9-1.9.0+dfsg1/OgreMain/src/OgreGpuProgramParams.cpp (line 1709)
20:55:28: Compiler error: invalid parameters in DualQuaternionSkinning_Shadow.material(107): setting of constant failed
20:55:28: OGRE EXCEPTION(2:InvalidParametersException): Named constants have not been initialised, perhaps a compile error. in GpuProgramParameters::_findNamedConstantDefinition at /build/buildd/ogre-1.9-1.9.0+dfsg1/OgreMain/src/OgreGpuProgramParams.cpp (line 1709)
20:55:28: Compiler error: invalid parameters in DualQuaternionSkinning_Shadow.material(108): setting of constant failed
20:55:28: OGRE EXCEPTION(6:FileNotFoundException): Cannot locate resource DualQuaternionSkinning_ShadowThreeWeights.glsl in resource group Popular or any other group. in ResourceGroupManager::openResource at /build/buildd/ogre-1.9-1.9.0+dfsg1/OgreMain/src/OgreResourceGroupManager.cpp (line 756)
20:55:28: High-level program Ogre/RTShader/shadow_caster_dq_skinning_3weight_vs_glsl encountered an error during loading and is thus not supported.
OGRE EXCEPTION(6:FileNotFoundException): Cannot locate resource DualQuaternionSkinning_ShadowThreeWeights.glsl in resource group Popular or any other group. in ResourceGroupManager::openResource at /build/buildd/ogre-1.9-1.9.0+dfsg1/OgreMain/src/OgreResourceGroupManager.cpp (line 756)
20:55:28: OGRE EXCEPTION(2:InvalidParametersException): Named constants have not been initialised, perhaps a compile error. in GpuProgramParameters::_findNamedConstantDefinition at /build/buildd/ogre-1.9-1.9.0+dfsg1/OgreMain/src/OgreGpuProgramParams.cpp (line 1709)
20:55:28: Compiler error: invalid parameters in DualQuaternionSkinning_Shadow.material(120): setting of constant failed
20:55:28: OGRE EXCEPTION(2:InvalidParametersException): Named constants have not been initialised, perhaps a compile error. in GpuProgramParameters::_findNamedConstantDefinition at /build/buildd/ogre-1.9-1.9.0+dfsg1/OgreMain/src/OgreGpuProgramParams.cpp (line 1709)
20:55:28: Compiler error: invalid parameters in DualQuaternionSkinning_Shadow.material(121): setting of constant failed
20:55:28: OGRE EXCEPTION(2:InvalidParametersException): Named constants have not been initialised, perhaps a compile error. in GpuProgramParameters::_findNamedConstantDefinition at /build/buildd/ogre-1.9-1.9.0+dfsg1/OgreMain/src/OgreGpuProgramParams.cpp (line 1709)
20:55:28: Compiler error: invalid parameters in DualQuaternionSkinning_Shadow.material(122): setting of constant failed
20:55:28: OGRE EXCEPTION(6:FileNotFoundException): Cannot locate resource DualQuaternionSkinning_ShadowFourWeights.glsl in resource group Popular or any other group. in ResourceGroupManager::openResource at /build/buildd/ogre-1.9-1.9.0+dfsg1/OgreMain/src/OgreResourceGroupManager.cpp (line 756)
20:55:28: High-level program Ogre/RTShader/shadow_caster_dq_skinning_4weight_vs_glsl encountered an error during loading and is thus not supported.
OGRE EXCEPTION(6:FileNotFoundException): Cannot locate resource DualQuaternionSkinning_ShadowFourWeights.glsl in resource group Popular or any other group. in ResourceGroupManager::openResource at /build/buildd/ogre-1.9-1.9.0+dfsg1/OgreMain/src/OgreResourceGroupManager.cpp (line 756)
20:55:28: OGRE EXCEPTION(2:InvalidParametersException): Named constants have not been initialised, perhaps a compile error. in GpuProgramParameters::_findNamedConstantDefinition at /build/buildd/ogre-1.9-1.9.0+dfsg1/OgreMain/src/OgreGpuProgramParams.cpp (line 1709)
20:55:28: Compiler error: invalid parameters in DualQuaternionSkinning_Shadow.material(134): setting of constant failed
20:55:28: OGRE EXCEPTION(2:InvalidParametersException): Named constants have not been initialised, perhaps a compile error. in GpuProgramParameters::_findNamedConstantDefinition at /build/buildd/ogre-1.9-1.9.0+dfsg1/OgreMain/src/OgreGpuProgramParams.cpp (line 1709)
20:55:28: Compiler error: invalid parameters in DualQuaternionSkinning_Shadow.material(135): setting of constant failed
20:55:28: OGRE EXCEPTION(2:InvalidParametersException): Named constants have not been initialised, perhaps a compile error. in GpuProgramParameters::_findNamedConstantDefinition at /build/buildd/ogre-1.9-1.9.0+dfsg1/OgreMain/src/OgreGpuProgramParams.cpp (line 1709)
20:55:28: Compiler error: invalid parameters in DualQuaternionSkinning_Shadow.material(136): setting of constant failed
20:55:28: OGRE EXCEPTION(6:FileNotFoundException): Cannot locate resource DualQuaternionSkinning_Shadow.cg in resource group Popular or any other group. in ResourceGroupManager::openResource at /build/buildd/ogre-1.9-1.9.0+dfsg1/OgreMain/src/OgreResourceGroupManager.cpp (line 756)
20:55:28: High-level program Ogre/RTShader/shadow_caster_dq_skinning_1weight_vs_cg encountered an error during loading and is thus not supported.
OGRE EXCEPTION(6:FileNotFoundException): Cannot locate resource DualQuaternionSkinning_Shadow.cg in resource group Popular or any other group. in ResourceGroupManager::openResource at /build/buildd/ogre-1.9-1.9.0+dfsg1/OgreMain/src/OgreResourceGroupManager.cpp (line 756)
20:55:28: OGRE EXCEPTION(2:InvalidParametersException): Named constants have not been initialised, perhaps a compile error. in GpuProgramParameters::_findNamedConstantDefinition at /build/buildd/ogre-1.9-1.9.0+dfsg1/OgreMain/src/OgreGpuProgramParams.cpp (line 1709)
20:55:28: Compiler error: invalid parameters in DualQuaternionSkinning_Shadow.material(149): setting of constant failed
20:55:28: OGRE EXCEPTION(2:InvalidParametersException): Named constants have not been initialised, perhaps a compile error. in GpuProgramParameters::_findNamedConstantDefinition at /build/buildd/ogre-1.9-1.9.0+dfsg1/OgreMain/src/OgreGpuProgramParams.cpp (line 1709)
20:55:28: Compiler error: invalid parameters in DualQuaternionSkinning_Shadow.material(150): setting of constant failed
20:55:28: OGRE EXCEPTION(2:InvalidParametersException): Named constants have not been initialised, perhaps a compile error. in GpuProgramParameters::_findNamedConstantDefinition at /build/buildd/ogre-1.9-1.9.0+dfsg1/OgreMain/src/OgreGpuProgramParams.cpp (line 1709)
20:55:28: Compiler error: invalid parameters in DualQuaternionSkinning_Shadow.material(151): setting of constant failed
20:55:28: OGRE EXCEPTION(6:FileNotFoundException): Cannot locate resource DualQuaternionSkinning_Shadow.cg in resource group Popular or any other group. in ResourceGroupManager::openResource at /build/buildd/ogre-1.9-1.9.0+dfsg1/OgreMain/src/OgreResourceGroupManager.cpp (line 756)
20:55:28: High-level program Ogre/RTShader/shadow_caster_dq_skinning_2weight_vs_cg encountered an error during loading and is thus not supported.
OGRE EXCEPTION(6:FileNotFoundException): Cannot locate resource DualQuaternionSkinning_Shadow.cg in resource group Popular or any other group. in ResourceGroupManager::openResource at /build/buildd/ogre-1.9-1.9.0+dfsg1/OgreMain/src/OgreResourceGroupManager.cpp (line 756)
20:55:28: OGRE EXCEPTION(2:InvalidParametersException): Named constants have not been initialised, perhaps a compile error. in GpuProgramParameters::_findNamedConstantDefinition at /build/buildd/ogre-1.9-1.9.0+dfsg1/OgreMain/src/OgreGpuProgramParams.cpp (line 1709)
20:55:28: Compiler error: invalid parameters in DualQuaternionSkinning_Shadow.material(165): setting of constant failed
20:55:28: OGRE EXCEPTION(2:InvalidParametersException): Named constants have not been initialised, perhaps a compile error. in GpuProgramParameters::_findNamedConstantDefinition at /build/buildd/ogre-1.9-1.9.0+dfsg1/OgreMain/src/OgreGpuProgramParams.cpp (line 1709)
20:55:28: Compiler error: invalid parameters in DualQuaternionSkinning_Shadow.material(166): setting of constant failed
20:55:28: OGRE EXCEPTION(2:InvalidParametersException): Named constants have not been initialised, perhaps a compile error. in GpuProgramParameters::_findNamedConstantDefinition at /build/buildd/ogre-1.9-1.9.0+dfsg1/OgreMain/src/OgreGpuProgramParams.cpp (line 1709)
20:55:28: Compiler error: invalid parameters in DualQuaternionSkinning_Shadow.material(167): setting of constant failed
20:55:28: OGRE EXCEPTION(6:FileNotFoundException): Cannot locate resource DualQuaternionSkinning_Shadow.cg in resource group Popular or any other group. in ResourceGroupManager::openResource at /build/buildd/ogre-1.9-1.9.0+dfsg1/OgreMain/src/OgreResourceGroupManager.cpp (line 756)
20:55:28: High-level program Ogre/RTShader/shadow_caster_dq_skinning_3weight_vs_cg encountered an error during loading and is thus not supported.
OGRE EXCEPTION(6:FileNotFoundException): Cannot locate resource DualQuaternionSkinning_Shadow.cg in resource group Popular or any other group. in ResourceGroupManager::openResource at /build/buildd/ogre-1.9-1.9.0+dfsg1/OgreMain/src/OgreResourceGroupManager.cpp (line 756)
20:55:28: OGRE EXCEPTION(2:InvalidParametersException): Named constants have not been initialised, perhaps a compile error. in GpuProgramParameters::_findNamedConstantDefinition at /build/buildd/ogre-1.9-1.9.0+dfsg1/OgreMain/src/OgreGpuProgramParams.cpp (line 1709)
20:55:28: Compiler error: invalid parameters in DualQuaternionSkinning_Shadow.material(180): setting of constant failed
20:55:28: OGRE EXCEPTION(2:InvalidParametersException): Named constants have not been initialised, perhaps a compile error. in GpuProgramParameters::_findNamedConstantDefinition at /build/buildd/ogre-1.9-1.9.0+dfsg1/OgreMain/src/OgreGpuProgramParams.cpp (line 1709)
20:55:28: Compiler error: invalid parameters in DualQuaternionSkinning_Shadow.material(181): setting of constant failed
20:55:28: OGRE EXCEPTION(2:InvalidParametersException): Named constants have not been initialised, perhaps a compile error. in GpuProgramParameters::_findNamedConstantDefinition at /build/buildd/ogre-1.9-1.9.0+dfsg1/OgreMain/src/OgreGpuProgramParams.cpp (line 1709)
20:55:28: Compiler error: invalid parameters in DualQuaternionSkinning_Shadow.material(182): setting of constant failed
20:55:28: OGRE EXCEPTION(6:FileNotFoundException): Cannot locate resource DualQuaternionSkinning_Shadow.cg in resource group Popular or any other group. in ResourceGroupManager::openResource at /build/buildd/ogre-1.9-1.9.0+dfsg1/OgreMain/src/OgreResourceGroupManager.cpp (line 756)
20:55:28: High-level program Ogre/RTShader/shadow_caster_dq_skinning_4weight_vs_cg encountered an error during loading and is thus not supported.
OGRE EXCEPTION(6:FileNotFoundException): Cannot locate resource DualQuaternionSkinning_Shadow.cg in resource group Popular or any other group. in ResourceGroupManager::openResource at /build/buildd/ogre-1.9-1.9.0+dfsg1/OgreMain/src/OgreResourceGroupManager.cpp (line 756)
20:55:28: OGRE EXCEPTION(2:InvalidParametersException): Named constants have not been initialised, perhaps a compile error. in GpuProgramParameters::_findNamedConstantDefinition at /build/buildd/ogre-1.9-1.9.0+dfsg1/OgreMain/src/OgreGpuProgramParams.cpp (line 1709)
20:55:28: Compiler error: invalid parameters in DualQuaternionSkinning_Shadow.material(196): setting of constant failed
20:55:28: OGRE EXCEPTION(2:InvalidParametersException): Named constants have not been initialised, perhaps a compile error. in GpuProgramParameters::_findNamedConstantDefinition at /build/buildd/ogre-1.9-1.9.0+dfsg1/OgreMain/src/OgreGpuProgramParams.cpp (line 1709)
20:55:28: Compiler error: invalid parameters in DualQuaternionSkinning_Shadow.material(197): setting of constant failed
20:55:28: OGRE EXCEPTION(2:InvalidParametersException): Named constants have not been initialised, perhaps a compile error. in GpuProgramParameters::_findNamedConstantDefinition at /build/buildd/ogre-1.9-1.9.0+dfsg1/OgreMain/src/OgreGpuProgramParams.cpp (line 1709)
20:55:28: Compiler error: invalid parameters in DualQuaternionSkinning_Shadow.material(198): setting of constant failed
20:55:28: OGRE EXCEPTION(6:FileNotFoundException): Cannot locate resource DualQuaternionSkinning_Shadow.cg in resource group Popular or any other group. in ResourceGroupManager::openResource at /build/buildd/ogre-1.9-1.9.0+dfsg1/OgreMain/src/OgreResourceGroupManager.cpp (line 756)
20:55:28: High-level program Ogre/RTShader/shadow_caster_dq_skinning_1weight_twophase_vs_cg encountered an error during loading and is thus not supported.
OGRE EXCEPTION(6:FileNotFoundException): Cannot locate resource DualQuaternionSkinning_Shadow.cg in resource group Popular or any other group. in ResourceGroupManager::openResource at /build/buildd/ogre-1.9-1.9.0+dfsg1/OgreMain/src/OgreResourceGroupManager.cpp (line 756)
20:55:28: OGRE EXCEPTION(2:InvalidParametersException): Named constants have not been initialised, perhaps a compile error. in GpuProgramParameters::_findNamedConstantDefinition at /build/buildd/ogre-1.9-1.9.0+dfsg1/OgreMain/src/OgreGpuProgramParams.cpp (line 1709)
20:55:28: Compiler error: invalid parameters in DualQuaternionSkinning_Shadow.material(211): setting of constant failed
20:55:28: OGRE EXCEPTION(2:InvalidParametersException): Named constants have not been initialised, perhaps a compile error. in GpuProgramParameters::_findNamedConstantDefinition at /build/buildd/ogre-1.9-1.9.0+dfsg1/OgreMain/src/OgreGpuProgramParams.cpp (line 1709)
20:55:28: Compiler error: invalid parameters in DualQuaternionSkinning_Shadow.material(212): setting of constant failed
20:55:28: OGRE EXCEPTION(2:InvalidParametersException): Named constants have not been initialised, perhaps a compile error. in GpuProgramParameters::_findNamedConstantDefinition at /build/buildd/ogre-1.9-1.9.0+dfsg1/OgreMain/src/OgreGpuProgramParams.cpp (line 1709)
20:55:28: Compiler error: invalid parameters in DualQuaternionSkinning_Shadow.material(213): setting of constant failed
20:55:28: OGRE EXCEPTION(2:InvalidParametersException): Named constants have not been initialised, perhaps a compile error. in GpuProgramParameters::_findNamedConstantDefinition at /build/buildd/ogre-1.9-1.9.0+dfsg1/OgreMain/src/OgreGpuProgramParams.cpp (line 1709)
20:55:28: Compiler error: invalid parameters in DualQuaternionSkinning_Shadow.material(214): setting of constant failed
20:55:28: OGRE EXCEPTION(6:FileNotFoundException): Cannot locate resource DualQuaternionSkinning_Shadow.cg in resource group Popular or any other group. in ResourceGroupManager::openResource at /build/buildd/ogre-1.9-1.9.0+dfsg1/OgreMain/src/OgreResourceGroupManager.cpp (line 756)
20:55:28: High-level program Ogre/RTShader/shadow_caster_dq_skinning_2weight_twophase_vs_cg encountered an error during loading and is thus not supported.
OGRE EXCEPTION(6:FileNotFoundException): Cannot locate resource DualQuaternionSkinning_Shadow.cg in resource group Popular or any other group. in ResourceGroupManager::openResource at /build/buildd/ogre-1.9-1.9.0+dfsg1/OgreMain/src/OgreResourceGroupManager.cpp (line 756)
20:55:28: OGRE EXCEPTION(2:InvalidParametersException): Named constants have not been initialised, perhaps a compile error. in GpuProgramParameters::_findNamedConstantDefinition at /build/buildd/ogre-1.9-1.9.0+dfsg1/OgreMain/src/OgreGpuProgramParams.cpp (line 1709)
20:55:28: Compiler error: invalid parameters in DualQuaternionSkinning_Shadow.material(228): setting of constant failed
20:55:28: OGRE EXCEPTION(2:InvalidParametersException): Named constants have not been initialised, perhaps a compile error. in GpuProgramParameters::_findNamedConstantDefinition at /build/buildd/ogre-1.9-1.9.0+dfsg1/OgreMain/src/OgreGpuProgramParams.cpp (line 1709)
20:55:28: Compiler error: invalid parameters in DualQuaternionSkinning_Shadow.material(229): setting of constant failed
20:55:28: OGRE EXCEPTION(2:InvalidParametersException): Named constants have not been initialised, perhaps a compile error. in GpuProgramParameters::_findNamedConstantDefinition at /build/buildd/ogre-1.9-1.9.0+dfsg1/OgreMain/src/OgreGpuProgramParams.cpp (line 1709)
20:55:28: Compiler error: invalid parameters in DualQuaternionSkinning_Shadow.material(230): setting of constant failed
20:55:28: OGRE EXCEPTION(2:InvalidParametersException): Named constants have not been initialised, perhaps a compile error. in GpuProgramParameters::_findNamedConstantDefinition at /build/buildd/ogre-1.9-1.9.0+dfsg1/OgreMain/src/OgreGpuProgramParams.cpp (line 1709)
20:55:28: Compiler error: invalid parameters in DualQuaternionSkinning_Shadow.material(231): setting of constant failed
20:55:28: OGRE EXCEPTION(6:FileNotFoundException): Cannot locate resource DualQuaternionSkinning_ShadowCasterTwoPhaseTwoWeights.glsl in resource group Popular or any other group. in ResourceGroupManager::openResource at /build/buildd/ogre-1.9-1.9.0+dfsg1/OgreMain/src/OgreResourceGroupManager.cpp (line 756)
20:55:28: High-level program Ogre/RTShader/shadow_caster_dq_skinning_2weight_twophase_vs_glsl encountered an error during loading and is thus not supported.
OGRE EXCEPTION(6:FileNotFoundException): Cannot locate resource DualQuaternionSkinning_ShadowCasterTwoPhaseTwoWeights.glsl in resource group Popular or any other group. in ResourceGroupManager::openResource at /build/buildd/ogre-1.9-1.9.0+dfsg1/OgreMain/src/OgreResourceGroupManager.cpp (line 756)
20:55:28: OGRE EXCEPTION(2:InvalidParametersException): Named constants have not been initialised, perhaps a compile error. in GpuProgramParameters::_findNamedConstantDefinition at /build/buildd/ogre-1.9-1.9.0+dfsg1/OgreMain/src/OgreGpuProgramParams.cpp (line 1709)
20:55:28: Compiler error: invalid parameters in DualQuaternionSkinning_Shadow.material(244): setting of constant failed
20:55:28: OGRE EXCEPTION(2:InvalidParametersException): Named constants have not been initialised, perhaps a compile error. in GpuProgramParameters::_findNamedConstantDefinition at /build/buildd/ogre-1.9-1.9.0+dfsg1/OgreMain/src/OgreGpuProgramParams.cpp (line 1709)
20:55:28: Compiler error: invalid parameters in DualQuaternionSkinning_Shadow.material(245): setting of constant failed
20:55:28: OGRE EXCEPTION(2:InvalidParametersException): Named constants have not been initialised, perhaps a compile error. in GpuProgramParameters::_findNamedConstantDefinition at /build/buildd/ogre-1.9-1.9.0+dfsg1/OgreMain/src/OgreGpuProgramParams.cpp (line 1709)
20:55:28: Compiler error: invalid parameters in DualQuaternionSkinning_Shadow.material(246): setting of constant failed
20:55:28: OGRE EXCEPTION(2:InvalidParametersException): Named constants have not been initialised, perhaps a compile error. in GpuProgramParameters::_findNamedConstantDefinition at /build/buildd/ogre-1.9-1.9.0+dfsg1/OgreMain/src/OgreGpuProgramParams.cpp (line 1709)
20:55:28: Compiler error: invalid parameters in DualQuaternionSkinning_Shadow.material(247): setting of constant failed
20:55:28: OGRE EXCEPTION(6:FileNotFoundException): Cannot locate resource DualQuaternionSkinning_ShadowPassThrough_ps.glsl in resource group Popular or any other group. in ResourceGroupManager::openResource at /build/buildd/ogre-1.9-1.9.0+dfsg1/OgreMain/src/OgreResourceGroupManager.cpp (line 756)
20:55:28: High-level program Ogre/RTShader/shadow_caster_dq_ps_glsl encountered an error during loading and is thus not supported.
OGRE EXCEPTION(6:FileNotFoundException): Cannot locate resource DualQuaternionSkinning_ShadowPassThrough_ps.glsl in resource group Popular or any other group. in ResourceGroupManager::openResource at /build/buildd/ogre-1.9-1.9.0+dfsg1/OgreMain/src/OgreResourceGroupManager.cpp (line 756)
20:55:28: Parsing script RTShaderSystem.material
20:55:28: Compiler error: unknown error in RTShaderSystem.material(23): token "rtshader_system" is not recognized
20:55:28: Compiler error: unknown error in RTShaderSystem.material(52): token "rtshader_system" is not recognized
20:55:28: Compiler error: unknown error in RTShaderSystem.material(81): token "rtshader_system" is not recognized
20:55:28: Compiler error: unknown error in RTShaderSystem.material(110): token "rtshader_system" is not recognized
20:55:28: Compiler error: unknown error in RTShaderSystem.material(146): token "rtshader_system" is not recognized
20:55:28: Compiler error: unknown error in RTShaderSystem.material(81): token "rtshader_system" is not recognized
20:55:28: Compiler error: unknown error in RTShaderSystem.material(162): token "rtshader_system" is not recognized
20:55:28: Compiler error: unknown error in RTShaderSystem.material(81): token "rtshader_system" is not recognized
20:55:28: Compiler error: unknown error in RTShaderSystem.material(110): token "rtshader_system" is not recognized
20:55:28: Compiler error: unknown error in RTShaderSystem.material(211): token "rtshader_system" is not recognized
20:55:28: Parsing script TriplanarTexturing.material
20:55:28: Compiler error: unknown error in TriplanarTexturing.material(9): token "rtshader_system" is not recognized
20:55:28: Parsing script Crytek.material
20:55:28: Parsing script UnsharpMask.material
20:55:28: Parsing script ShowNormals.material
20:55:28: Parsing script HemisphereMC.material
20:55:28: Parsing script SSAOPost.material
20:55:28: Parsing script CreaseShading.material
20:55:28: Parsing script Volumetric.material
20:55:28: Parsing script ShowViewPos.material
20:55:28: Parsing script Modulate.material
20:55:28: Parsing script GBuffer.material
20:55:28: Parsing script ShowDepth.material
20:55:28: Parsing script HorizonBased.material
20:55:28: Parsing script triplanarReference.material
20:55:28: Parsing script RomanBath.material
20:55:28: Parsing script Sinbad.material
20:55:28: Parsing script Examples.particle
20:55:28: Parsing script emitted_emitter.particle
20:55:28: Parsing script Examples-Water.particle
20:55:28: Parsing script smoke.particle
20:55:28: Parsing script Examples.compositor
20:55:28: Parsing script deferred.compositor
20:55:28: Parsing script ssao.compositor
20:55:28: Parsing script SSAOPost.compositor
20:55:28: Parsing script SSAO.compositor
20:55:28: Finished parsing scripts for resource group Popular
20:55:28: Creating resources for group Popular
20:55:28: All done
20:55:28: Parsing scripts for resource group Tests
20:55:28: Parsing script glow.material
20:55:29: Finished parsing scripts for resource group Tests
20:55:29: Creating resources for group Tests
20:55:29: All done
20:55:29: Can't assign material  to the ManualObject manual because this Material does not exist. Have you forgotten to define it in a .material script?
20:55:29: Mesh: Loading cube.mesh.
20:55:29: Texture: rockwall.tga: Loading 1 faces(PF_R8G8B8,256x256x1) with 5 hardware generated mipmaps from Image. Internal format is PF_X8R8G8B8,256x256x1.
20:55:29: Texture: spot_shadow_fade.png: Loading 1 faces(PF_R8G8B8,128x128x1) with 5 hardware generated mipmaps from Image. Internal format is PF_X8R8G8B8,128x128x1.
